{
  "stats": {
    "suites": 1,
    "tests": 1,
    "passes": 1,
    "pending": 0,
    "failures": 0,
    "start": "2024-03-14T01:34:26.165Z",
    "end": "2024-03-14T01:34:38.175Z",
    "duration": 12010,
    "testsRegistered": 1,
    "passPercent": 100,
    "pendingPercent": 0,
    "other": 0,
    "hasOther": false,
    "skipped": 0,
    "hasSkipped": false
  },
  "results": [
    {
      "uuid": "c1886583-751a-4bc4-8357-d4eebc83562b",
      "title": "",
      "fullFile": "cypress\\e2e\\buyTshit_test.cy.js",
      "file": "cypress\\e2e\\buyTshit_test.cy.js",
      "beforeHooks": [],
      "afterHooks": [],
      "tests": [],
      "suites": [
        {
          "uuid": "99d124a1-7d02-4da9-9bfc-7bd6265143d2",
          "title": "Technical task_QA role",
          "fullFile": "",
          "file": "",
          "beforeHooks": [],
          "afterHooks": [],
          "tests": [
            {
              "title": "TC-01: buy T-shirt",
              "fullTitle": "Technical task_QA role TC-01: buy T-shirt",
              "timedOut": null,
              "duration": 7528,
              "state": "passed",
              "speed": "medium",
              "pass": true,
              "fail": false,
              "pending": false,
              "context": null,
              "code": "//link the fixture file which contains the test data to the test\ncy.fixture('T-shirtData').then(data => {\n  BT.enterUsername(data.username);\n  BT.enterPassword(data.password);\n  BT.clickLoginBtn();\n  //verify successful login\n  BT.verifySuccessfulLogin();\n  //select bolt T-Shirt\n  BT.selectTshirt();\n  //verify that the bolt T-shirt is displayed\n  BT.verifyTshirtIsDisplayed();\n  //add bolt T-shirt to cart\n  BT.addBoltTshirtToCart();\n  //verify bolt T-shirt is added successfully to cart\n  BT.verifyTshirtAddToCart();\n  //get cart\n  BT.getCart();\n  //verify that the name sauce labs bolt T-shirt is displayed in the cart\n  BT.getTshirtNameInCart();\n  //verify the T-shirt price is equal to $15.99\n  BT.getTshirtPrice();\n  //click checkout button\n  BT.clickCheckoutBtn();\n  //verify the checkout page is displayed\n  BT.verifyCheckoutPageDisplay();\n  //fill the checkout form\n  BT.enterCheckoutFirstname(data.firstname);\n  BT.enterCheckoutLastname(data.lastname);\n  BT.enterCheckoutZipCode(data.zipCode);\n  BT.clickCheckoutBtn2();\n  //verify that the order summary page is displayed\n  BT.verifyOrderSummaryPageDisplay();\n  //click the finish button to complete order\n  BT.clickFinishBtn();\n  //verify that the order confirmation page is displayed\n  BT.verifyCompletedOrder();\n  //logout of the application\n  BT.clickMenuBtn();\n  BT.clickLogout();\n  //verify logout\n  BT.verifyLogout();\n});",
              "err": {},
              "uuid": "e87d5505-33ff-4946-a0fa-ae87874ddd7d",
              "parentUUID": "99d124a1-7d02-4da9-9bfc-7bd6265143d2",
              "isHook": false,
              "skipped": false
            }
          ],
          "suites": [],
          "passes": [
            "e87d5505-33ff-4946-a0fa-ae87874ddd7d"
          ],
          "failures": [],
          "pending": [],
          "skipped": [],
          "duration": 7528,
          "root": false,
          "rootEmpty": false,
          "_timeout": 2000
        }
      ],
      "passes": [],
      "failures": [],
      "pending": [],
      "skipped": [],
      "duration": 0,
      "root": true,
      "rootEmpty": true,
      "_timeout": 2000
    }
  ],
  "meta": {
    "mocha": {
      "version": "7.0.1"
    },
    "mochawesome": {
      "options": {
        "quiet": false,
        "reportFilename": "mochawesome",
        "saveHtml": true,
        "saveJson": true,
        "consoleReporter": "spec",
        "useInlineDiffs": false,
        "code": true
      },
      "version": "7.1.3"
    },
    "marge": {
      "options": {
        "charts": true,
        "overwrite": false,
        "Html": false,
        "json": true,
        "reportDir": "cypress/reports"
      },
      "version": "6.2.0"
    }
  }
}